<?xml version="1.0" encoding="UTF-8"?>
<!-- Generated by org.testng.reporters.JUnitReportReporter -->
<testsuite hostname="vvasilchenko-PC" name="com.vasylchenko.beans.CollectionsCompareBeansTest" tests="7" failures="0" timestamp="30 Jun 2016 20:32:31 GMT" time="0.020" errors="0">
  <testcase name="testCompareCollectionPopulate" time="0.000" classname="com.vasylchenko.beans.CollectionsCompareBeansTest"/>
  <testcase name="testCompareListGet" time="0.000" classname="com.vasylchenko.beans.CollectionsCompareBeansTest"/>
  <testcase name="testCompareListIteratorRemove" time="0.002" classname="com.vasylchenko.beans.CollectionsCompareBeansTest"/>
  <testcase name="testCompareCollectionAdd" time="0.008" classname="com.vasylchenko.beans.CollectionsCompareBeansTest"/>
  <testcase name="testCompareListIteratorAdd" time="0.010" classname="com.vasylchenko.beans.CollectionsCompareBeansTest"/>
  <testcase name="testCompareCollectionRemove" time="0.000" classname="com.vasylchenko.beans.CollectionsCompareBeansTest"/>
  <testcase name="testCompareCollectionContains" time="0.000" classname="com.vasylchenko.beans.CollectionsCompareBeansTest"/>
</testsuite> <!-- com.vasylchenko.beans.CollectionsCompareBeansTest -->
