<?xml version="1.0" encoding="UTF-8"?>
<!-- Generated by org.testng.reporters.JUnitReportReporter -->
<testsuite hostname="vvasilchenko-PC" name="com.vasylchenko.java.sources.SquareSumTest" tests="2" failures="0" timestamp="30 Jun 2016 20:42:03 GMT" time="1.104" errors="0">
  <testcase name="testReleaseThrowsException" time="0.000" classname="com.vasylchenko.java.sources.SquareSumTest"/>
  <testcase name="testGetSquareSum" time="1.104" classname="com.vasylchenko.java.sources.SquareSumTest"/>
</testsuite> <!-- com.vasylchenko.java.sources.SquareSumTest -->
