<?xml version="1.0" encoding="UTF-8"?>
<!-- Generated by org.testng.reporters.JUnitReportReporter -->
<testsuite hostname="vvasilchenko-PC" name="com.vasylchenko.java.sources.SemaphoreImplTest" tests="4" failures="0" timestamp="30 Jun 2016 20:42:03 GMT" time="0.011" errors="0">
  <testcase name="testGetAvailablePermitsForSingleThread" time="0.001" classname="com.vasylchenko.java.sources.SemaphoreImplTest"/>
  <testcase name="testReleaseThrowsException" time="0.007" classname="com.vasylchenko.java.sources.SemaphoreImplTest"/>
  <testcase name="testGetAvailablePermitsForMultiThread" time="0.002" classname="com.vasylchenko.java.sources.SemaphoreImplTest"/>
  <testcase name="testAcquireThrowsException" time="0.001" classname="com.vasylchenko.java.sources.SemaphoreImplTest"/>
</testsuite> <!-- com.vasylchenko.java.sources.SemaphoreImplTest -->
